<?xml version="1.0" encoding="utf-8"?><testsuites name="pytest tests"><testsuite name="pytest" errors="0" failures="0" skipped="0" tests="6" time="7.050" timestamp="2026-04-08T13:33:34.919644+00:00" hostname="agent-env-dc8197e6-eb4d-4990-840d-e53b126d4adc"><testcase classname="backend.tests.test_nba_public_api" name="test_public_info_exposes_global_key_and_usage_examples" time="0.306" /><testcase classname="backend.tests.test_nba_public_api" name="test_get_datos_requires_api_key" time="0.135" /><testcase classname="backend.tests.test_nba_public_api" name="test_get_datos_with_api_key_returns_cached_json" time="0.148" /><testcase classname="backend.tests.test_nba_public_api" name="test_post_funcion_query_returns_players_filtered_dataset" time="0.111" /><testcase classname="backend.tests.test_nba_public_api" name="test_post_funcion_refresh_rejects_bad_admin_credentials" time="0.127" /><testcase classname="backend.tests.test_nba_public_api" name="test_post_funcion_refresh_accepts_admin_credentials" time="6.157" /></testsuite></testsuites>